iter_00000{1.96s}
iter_00001{1.92s}
iter_00002{1.90s}
iter_00003{1.92s}
iter_00004{1.91s}
iter_00005{1.90s}
iter_00006{1.91s}
iter_00007{1.88s}
iter_00008{1.91s}
iter_00009{1.91s}
iter_00010{1.89s}
iter_00011{1.91s}
iter_00012{1.91s}
iter_00013{1.90s}
iter_00014{1.91s}
iter_00015{1.91s}
iter_00016{1.90s}
iter_00017{1.91s}
iter_00018{1.93s}
iter_00019{1.93s}
iter_00020{1.87s}
iter_00021{1.88s}
iter_00022{1.91s}
iter_00023{1.93s}
iter_00024/avg_rew 0.0135
iter_00024/max_rew 1.0000
iter_00024/min_rew -4.0000
iter_00024/count 4500
iter_00024/loss -0.7557
iter_00024/val/avg_rew 0.0329
iter_00024/val/max_rew 1.0000
iter_00024/val/min_rew -1.5000
iter_00024/val/count 200
iter_00024/val{1.27s}
iter_00024{3.19s}
iter_00025{1.91s}
iter_00026{1.91s}
iter_00027{1.92s}
iter_00028{1.93s}
iter_00029{1.93s}
iter_00030{1.93s}
iter_00031{1.90s}
iter_00032{1.92s}
iter_00033{1.93s}
iter_00034{1.88s}
iter_00035{1.93s}
iter_00036{1.89s}
iter_00037{1.91s}
iter_00038{1.92s}
iter_00039{1.91s}
iter_00040{1.92s}
iter_00041{1.90s}
iter_00042{1.92s}
iter_00043{1.90s}
iter_00044{1.91s}
iter_00045{1.90s}
iter_00046{1.89s}
iter_00047{1.91s}
iter_00048{1.89s}
iter_00049/avg_rew 0.0158
iter_00049/max_rew 1.0000
iter_00049/min_rew -4.0000
iter_00049/count 4500
iter_00049/loss -0.1334
iter_00049/val/avg_rew -0.0071
iter_00049/val/max_rew 1.0000
iter_00049/val/min_rew -2.5000
iter_00049/val/count 200
iter_00049/val{1.30s}
iter_00049{3.20s}
iter_00050{1.89s}
iter_00051{1.91s}
iter_00052{1.91s}
iter_00053{1.91s}
iter_00054{1.91s}
iter_00055{1.91s}
iter_00056{1.90s}
iter_00057{1.92s}
iter_00058{1.91s}
iter_00059{1.91s}
iter_00060{1.91s}
iter_00061{1.92s}
iter_00062{1.91s}
iter_00063{1.90s}
iter_00064{1.91s}
iter_00065{1.92s}
iter_00066{1.92s}
iter_00067{1.93s}
iter_00068{1.92s}
iter_00069{1.92s}
iter_00070{1.91s}
iter_00071{1.93s}
iter_00072{1.93s}
iter_00073{1.92s}
iter_00074/avg_rew 0.0107
iter_00074/max_rew 1.0000
iter_00074/min_rew -4.5000
iter_00074/count 4500
iter_00074/loss -0.1368
iter_00074/val/avg_rew 0.0004
iter_00074/val/max_rew 1.0000
iter_00074/val/min_rew -2.5000
iter_00074/val/count 200
iter_00074/val{1.29s}
iter_00074{3.20s}
iter_00075{1.91s}
iter_00076{1.94s}
iter_00077{1.91s}
iter_00078{1.92s}
iter_00079{1.90s}
iter_00080{1.93s}
iter_00081{1.92s}
iter_00082{1.90s}
iter_00083{1.90s}
iter_00084{1.89s}
iter_00085{1.90s}
iter_00086{1.91s}
iter_00087{1.89s}
iter_00088{1.89s}
iter_00089{1.89s}
iter_00090{1.90s}
iter_00091{1.89s}
iter_00092{1.87s}
iter_00093{1.90s}
iter_00094{1.88s}
iter_00095{1.90s}
iter_00096{1.87s}
iter_00097{1.89s}
iter_00098{1.90s}
iter_00099/avg_rew 0.0174
iter_00099/max_rew 1.0000
iter_00099/min_rew -4.0000
iter_00099/count 4500
iter_00099/loss -0.1384
iter_00099/val/avg_rew 0.0081
iter_00099/val/max_rew 1.0000
iter_00099/val/min_rew -0.7500
iter_00099/val/count 200
iter_00099/val{1.28s}
iter_00099{3.16s}
iter_00100{1.89s}
iter_00101{1.89s}
iter_00102{1.91s}
iter_00103{1.87s}
iter_00104{1.89s}
iter_00105{1.89s}
iter_00106{1.88s}
iter_00107{1.90s}
iter_00108{1.88s}
iter_00109{1.89s}
iter_00110{1.88s}
iter_00111{1.90s}
iter_00112{1.91s}
iter_00113{1.87s}
iter_00114{1.90s}
iter_00115{1.90s}
iter_00116{1.88s}
iter_00117{1.90s}
iter_00118{1.88s}
iter_00119{1.90s}
iter_00120{1.89s}
iter_00121{1.87s}
iter_00122{1.89s}
iter_00123{1.89s}
iter_00124/avg_rew 0.0219
iter_00124/max_rew 1.0000
iter_00124/min_rew -5.0000
iter_00124/count 4500
iter_00124/loss -0.1191
iter_00124/val/avg_rew -0.0133
iter_00124/val/max_rew 1.0000
iter_00124/val/min_rew -3.0000
iter_00124/val/count 200
iter_00124/val{1.27s}
iter_00124{3.18s}
iter_00125{1.89s}
iter_00126{1.92s}
iter_00127{1.90s}
iter_00128{1.92s}
iter_00129{1.92s}
iter_00130{1.91s}
iter_00131{1.92s}
iter_00132{1.90s}
iter_00133{1.92s}
iter_00134{1.93s}
iter_00135{1.91s}
iter_00136{1.93s}
iter_00137{1.92s}
iter_00138{1.93s}
iter_00139{1.91s}
iter_00140{1.89s}
iter_00141{1.90s}
iter_00142{1.88s}
iter_00143{1.93s}
iter_00144{1.90s}
iter_00145{1.89s}
iter_00146{1.93s}
iter_00147{1.89s}
iter_00148{1.92s}
iter_00149/avg_rew 0.0175
iter_00149/max_rew 1.0000
iter_00149/min_rew -4.0000
iter_00149/count 4500
iter_00149/loss -0.1344
iter_00149/val/avg_rew -0.0342
iter_00149/val/max_rew 1.0000
iter_00149/val/min_rew -3.0000
iter_00149/val/count 200
iter_00149/val{1.27s}
iter_00149{3.21s}
iter_00150{1.93s}
iter_00151{1.92s}
iter_00152{1.93s}
iter_00153{1.93s}
iter_00154{1.90s}
iter_00155{1.93s}
iter_00156{1.89s}
iter_00157{1.91s}
iter_00158{1.94s}
iter_00159{1.91s}
iter_00160{1.92s}
iter_00161{1.91s}
iter_00162{1.90s}
iter_00163{1.92s}
iter_00164{1.90s}
iter_00165{1.93s}
iter_00166{1.93s}
iter_00167{1.90s}
iter_00168{1.91s}
iter_00169{1.90s}
iter_00170{1.91s}
iter_00171{1.93s}
iter_00172{1.89s}
iter_00173{1.92s}
iter_00174/avg_rew 0.0193
iter_00174/max_rew 1.0000
iter_00174/min_rew -4.0000
iter_00174/count 4500
iter_00174/loss -0.1429
iter_00174/val/avg_rew 0.0125
iter_00174/val/max_rew 1.0000
iter_00174/val/min_rew -2.5000
iter_00174/val/count 200
iter_00174/val{1.27s}
iter_00174{3.19s}
iter_00175{1.90s}
iter_00176{1.91s}
iter_00177{1.92s}
iter_00178{1.89s}
iter_00179{1.91s}
iter_00180{1.90s}
iter_00181{1.89s}
iter_00182{1.91s}
iter_00183{1.89s}
iter_00184{1.92s}
iter_00185{1.90s}
iter_00186{1.93s}
iter_00187{1.91s}
iter_00188{1.91s}
iter_00189{1.91s}
iter_00190{1.90s}
iter_00191{1.92s}
iter_00192{1.91s}
iter_00193{1.91s}
iter_00194{1.92s}
iter_00195{1.90s}
iter_00196{1.91s}
iter_00197{1.93s}
iter_00198{1.92s}
iter_00199/avg_rew 0.0284
iter_00199/max_rew 1.0000
iter_00199/min_rew -3.5000
iter_00199/count 4500
iter_00199/loss -0.1481
iter_00199/val/avg_rew -0.0025
iter_00199/val/max_rew 1.0000
iter_00199/val/min_rew -2.0000
iter_00199/val/count 200
iter_00199/val{1.28s}
iter_00199{3.21s}
iter_00200{1.92s}
iter_00201{1.92s}
iter_00202{1.90s}
iter_00203{1.91s}
iter_00204{1.92s}
iter_00205{1.94s}
iter_00206{1.92s}
iter_00207{1.92s}
iter_00208{1.92s}
iter_00209{1.89s}
iter_00210{1.91s}
iter_00211{1.92s}
iter_00212{1.89s}
iter_00213{1.93s}
iter_00214{1.90s}
iter_00215{1.92s}
iter_00216{1.91s}
iter_00217{1.92s}
iter_00218{1.93s}
iter_00219{1.90s}
iter_00220{1.91s}
iter_00221{1.91s}
iter_00222{1.91s}
iter_00223{1.92s}
iter_00224/avg_rew 0.0214
iter_00224/max_rew 1.0000
iter_00224/min_rew -4.0000
iter_00224/count 4500
iter_00224/loss -0.1308
iter_00224/val/avg_rew -0.0517
iter_00224/val/max_rew 1.0000
iter_00224/val/min_rew -3.5000
iter_00224/val/count 200
iter_00224/val{1.29s}
iter_00224{3.21s}
iter_00225{1.92s}
iter_00226{1.92s}
iter_00227{1.92s}
iter_00228{1.90s}
iter_00229{1.93s}
iter_00230{1.93s}
iter_00231{1.91s}
iter_00232{1.93s}
iter_00233{1.92s}
iter_00234{1.93s}
iter_00235{1.94s}
iter_00236{1.90s}
iter_00237{1.91s}
iter_00238{1.91s}
iter_00239{1.94s}
iter_00240{1.93s}
iter_00241{1.91s}
iter_00242{1.91s}
iter_00243{1.92s}
iter_00244{1.93s}
iter_00245{1.91s}
iter_00246{1.92s}
iter_00247{1.91s}
iter_00248{1.91s}
iter_00249/avg_rew 0.0217
iter_00249/max_rew 1.0000
iter_00249/min_rew -3.5000
iter_00249/count 4500
iter_00249/loss -0.1303
iter_00249/val/avg_rew 0.0167
iter_00249/val/max_rew 1.0000
iter_00249/val/min_rew -1.5000
iter_00249/val/count 200
iter_00249/val{1.30s}
iter_00249{3.20s}
iter_00250{1.91s}
iter_00251{1.92s}
iter_00252{1.92s}
iter_00253{1.93s}
iter_00254{1.91s}
iter_00255{1.89s}
iter_00256{1.94s}
iter_00257{1.91s}
iter_00258{1.93s}
iter_00259{1.91s}
iter_00260{1.90s}
iter_00261{1.92s}
iter_00262{1.90s}
iter_00263{1.92s}
iter_00264{1.93s}
iter_00265{1.90s}
iter_00266{1.90s}
iter_00267{1.92s}
iter_00268{1.92s}
iter_00269{1.91s}
iter_00270{1.90s}
iter_00271{1.92s}
iter_00272{1.90s}
iter_00273{1.92s}
iter_00274/avg_rew 0.0264
iter_00274/max_rew 1.0000
iter_00274/min_rew -4.0000
iter_00274/count 4500
iter_00274/loss -0.1521
iter_00274/val/avg_rew -0.0317
iter_00274/val/max_rew 1.0000
iter_00274/val/min_rew -3.0000
iter_00274/val/count 200
iter_00274/val{1.28s}
iter_00274{3.20s}
iter_00275{1.93s}
iter_00276{1.94s}
iter_00277{1.95s}
iter_00278{1.94s}
iter_00279{1.95s}
iter_00280{1.92s}
iter_00281{1.92s}
iter_00282{1.93s}
iter_00283{1.94s}
iter_00284{1.92s}
iter_00285{1.94s}
iter_00286{1.92s}
iter_00287{1.94s}
iter_00288{1.93s}
iter_00289{1.92s}
iter_00290{1.94s}
iter_00291{1.91s}
iter_00292{1.92s}
iter_00293{1.93s}
iter_00294{1.94s}
iter_00295{1.93s}
iter_00296{1.91s}
iter_00297{1.92s}
iter_00298{1.95s}
iter_00299/avg_rew 0.0230
iter_00299/max_rew 1.0000
iter_00299/min_rew -5.0000
iter_00299/count 4500
iter_00299/loss -0.1353
iter_00299/val/avg_rew 0.0327
iter_00299/val/max_rew 1.0000
iter_00299/val/min_rew -1.5000
iter_00299/val/count 200
iter_00299/val{1.31s}
iter_00299{3.24s}
iter_00300{1.91s}
iter_00301{1.92s}
iter_00302{1.92s}
iter_00303{1.91s}
iter_00304{1.95s}
iter_00305{1.93s}
iter_00306{1.93s}
iter_00307{1.94s}
iter_00308{1.92s}
iter_00309{1.91s}
iter_00310{1.92s}
iter_00311{1.93s}
iter_00312{1.93s}
iter_00313{1.92s}
iter_00314{1.94s}
iter_00315{1.93s}
iter_00316{1.95s}
iter_00317{1.92s}
iter_00318{1.93s}
iter_00319{1.96s}
iter_00320{1.91s}
iter_00321{1.92s}
iter_00322{1.96s}
iter_00323{1.93s}
iter_00324/avg_rew 0.0343
iter_00324/max_rew 1.0000
iter_00324/min_rew -4.0000
iter_00324/count 4500
iter_00324/loss -0.1382
iter_00324/val/avg_rew -0.0265
iter_00324/val/max_rew 1.0000
iter_00324/val/min_rew -3.0000
iter_00324/val/count 200
iter_00324/val{1.32s}
iter_00324{3.27s}
iter_00325{1.94s}
iter_00326{1.93s}
iter_00327{1.93s}
iter_00328{1.94s}
iter_00329{1.91s}
iter_00330{1.91s}
iter_00331{1.95s}
iter_00332{1.94s}
iter_00333{1.95s}
iter_00334{1.94s}
iter_00335{1.95s}
iter_00336{1.93s}
iter_00337{1.93s}
iter_00338{1.93s}
iter_00339{1.92s}
iter_00340{1.96s}
iter_00341{1.93s}
iter_00342{1.95s}
iter_00343{1.93s}
iter_00344{1.95s}
iter_00345{1.93s}
iter_00346{1.92s}
iter_00347{1.92s}
iter_00348{1.93s}
iter_00349/avg_rew 0.0298
iter_00349/max_rew 1.0000
iter_00349/min_rew -4.0000
iter_00349/count 4500
iter_00349/loss -0.1382
iter_00349/val/avg_rew 0.0054
iter_00349/val/max_rew 1.0000
iter_00349/val/min_rew -1.5000
iter_00349/val/count 200
iter_00349/val{1.30s}
iter_00349{3.23s}
iter_00350{1.93s}
iter_00351{1.92s}
iter_00352{1.92s}
iter_00353{1.91s}
iter_00354{1.93s}
iter_00355{1.94s}
iter_00356{1.95s}
iter_00357{1.93s}
iter_00358{1.93s}
iter_00359{1.91s}
iter_00360{1.93s}
iter_00361{1.96s}
iter_00362{1.91s}
iter_00363{1.93s}
iter_00364{1.92s}
iter_00365{1.92s}
iter_00366{1.93s}
iter_00367{1.93s}
iter_00368{1.94s}
iter_00369{1.93s}
iter_00370{1.93s}
iter_00371{1.92s}
iter_00372{1.95s}
iter_00373{1.91s}
iter_00374/avg_rew 0.0368
iter_00374/max_rew 1.0000
iter_00374/min_rew -5.0000
iter_00374/count 4500
iter_00374/loss -0.1682
iter_00374/val/avg_rew -0.0202
iter_00374/val/max_rew 1.0000
iter_00374/val/min_rew -3.0000
iter_00374/val/count 200
iter_00374/val{1.30s}
iter_00374{3.22s}
iter_00375{1.92s}
iter_00376{1.94s}
iter_00377{1.90s}
iter_00378{1.94s}
iter_00379{1.91s}
iter_00380{1.92s}
iter_00381{1.93s}
iter_00382{1.93s}
iter_00383{1.91s}
iter_00384{1.96s}
iter_00385{1.95s}
iter_00386{1.92s}
iter_00387{1.91s}
iter_00388{1.93s}
iter_00389{1.94s}
iter_00390{1.91s}
iter_00391{1.93s}
iter_00392{1.93s}
iter_00393{1.93s}
iter_00394{1.92s}
iter_00395{1.90s}
iter_00396{1.94s}
iter_00397{1.94s}
iter_00398{1.94s}
iter_00399/avg_rew 0.0285
iter_00399/max_rew 1.0000
iter_00399/min_rew -3.5000
iter_00399/count 4500
iter_00399/loss -0.1162
iter_00399/val/avg_rew 0.0121
iter_00399/val/max_rew 1.0000
iter_00399/val/min_rew -2.0000
iter_00399/val/count 200
iter_00399/val{1.31s}
iter_00399{3.25s}
iter_00400{1.94s}
iter_00401{1.94s}
iter_00402{1.91s}
iter_00403{1.92s}
iter_00404{1.94s}
iter_00405{1.94s}
iter_00406{1.94s}
iter_00407{1.93s}
iter_00408{1.94s}
iter_00409{1.93s}
iter_00410{1.93s}
iter_00411{1.91s}
iter_00412{1.93s}
iter_00413{1.93s}
iter_00414{1.91s}
iter_00415{1.94s}
iter_00416{1.92s}
iter_00417{1.92s}
iter_00418{1.93s}
iter_00419{1.92s}
iter_00420{1.93s}
iter_00421{1.94s}
iter_00422{1.92s}
iter_00423{1.93s}
iter_00424/avg_rew 0.0394
iter_00424/max_rew 1.0000
iter_00424/min_rew -4.5000
iter_00424/count 4500
iter_00424/loss -0.1391
iter_00424/val/avg_rew 0.0400
iter_00424/val/max_rew 1.0000
iter_00424/val/min_rew -1.5000
iter_00424/val/count 200
iter_00424/val{1.31s}
iter_00424{3.22s}
iter_00425{1.95s}
iter_00426{1.94s}
iter_00427{1.94s}
iter_00428{1.90s}
iter_00429{1.93s}
iter_00430{1.90s}
iter_00431{1.92s}
iter_00432{1.92s}
iter_00433{1.89s}
iter_00434{1.92s}
iter_00435{1.90s}
iter_00436{1.93s}
iter_00437{1.93s}
iter_00438{1.91s}
iter_00439{1.91s}
iter_00440{1.89s}
iter_00441{1.91s}
iter_00442{1.92s}
iter_00443{1.91s}
iter_00444{1.91s}
iter_00445{1.89s}
iter_00446{1.90s}
iter_00447{1.91s}
iter_00448{1.89s}
iter_00449/avg_rew 0.0477
iter_00449/max_rew 1.0000
iter_00449/min_rew -3.0000
iter_00449/count 4500
iter_00449/loss -0.1463
iter_00449/val/avg_rew -0.0183
iter_00449/val/max_rew 1.0000
iter_00449/val/min_rew -4.0000
iter_00449/val/count 200
iter_00449/val{1.30s}
iter_00449{3.20s}
iter_00450{1.89s}
iter_00451{1.95s}
iter_00452{1.91s}
iter_00453{1.91s}
iter_00454{1.95s}
iter_00455{1.94s}
iter_00456{1.94s}
iter_00457{1.89s}
iter_00458{1.92s}
iter_00459{1.92s}
iter_00460{1.92s}
iter_00461{1.93s}
iter_00462{1.94s}
iter_00463{1.92s}
iter_00464{1.93s}
iter_00465{1.89s}
iter_00466{1.94s}
iter_00467{1.92s}
iter_00468{1.95s}
iter_00469{1.92s}
iter_00470{1.94s}
iter_00471{1.95s}
iter_00472{1.94s}
iter_00473{1.93s}
iter_00474/avg_rew 0.0453
iter_00474/max_rew 1.0000
iter_00474/min_rew -5.0000
iter_00474/count 4500
iter_00474/loss -0.1342
iter_00474/val/avg_rew 0.0165
iter_00474/val/max_rew 1.0000
iter_00474/val/min_rew -2.5000
iter_00474/val/count 200
iter_00474/val{1.30s}
iter_00474{3.21s}
iter_00475{1.94s}
iter_00476{1.95s}
iter_00477{1.92s}
iter_00478{1.90s}
iter_00479{1.93s}
iter_00480{1.94s}
iter_00481{1.91s}
iter_00482{1.92s}
iter_00483{1.93s}
iter_00484{1.94s}
iter_00485{1.94s}
iter_00486{1.92s}
iter_00487{1.93s}
iter_00488{1.93s}
iter_00489{1.94s}
iter_00490{1.94s}
iter_00491{1.92s}
iter_00492{1.94s}
iter_00493{1.92s}
iter_00494{1.93s}
iter_00495{1.90s}
iter_00496{1.92s}
iter_00497{1.93s}
iter_00498{1.95s}
iter_00499/avg_rew 0.0402
iter_00499/max_rew 1.0000
iter_00499/min_rew -3.5000
iter_00499/count 4500
iter_00499/loss -0.1551
iter_00499/val/avg_rew -0.0187
iter_00499/val/max_rew 1.0000
iter_00499/val/min_rew -2.5000
iter_00499/val/count 200
iter_00499/val{1.29s}
iter_00499{3.23s}
iter_00500{1.91s}
iter_00501{1.89s}
iter_00502{1.92s}
iter_00503{1.94s}
iter_00504{1.95s}
iter_00505{1.93s}
iter_00506{1.93s}
iter_00507{1.95s}
iter_00508{1.95s}
iter_00509{1.94s}
iter_00510{1.90s}
iter_00511{1.92s}
iter_00512{1.91s}
iter_00513{1.95s}
iter_00514{1.94s}
iter_00515{1.92s}
iter_00516{1.95s}
iter_00517{1.91s}
iter_00518{1.94s}
iter_00519{1.92s}
iter_00520{1.91s}
iter_00521{1.89s}
iter_00522{1.91s}
iter_00523{1.94s}
iter_00524/avg_rew 0.0413
iter_00524/max_rew 1.0000
iter_00524/min_rew -3.5000
iter_00524/count 4500
iter_00524/loss -0.1497
iter_00524/val/avg_rew -0.0042
iter_00524/val/max_rew 1.0000
iter_00524/val/min_rew -2.5000
iter_00524/val/count 200
iter_00524/val{1.30s}
iter_00524{3.22s}
iter_00525{1.93s}
iter_00526{1.95s}
iter_00527{1.93s}
iter_00528{1.94s}
iter_00529{1.92s}
iter_00530{1.92s}
iter_00531{1.91s}
iter_00532{1.91s}
iter_00533{1.94s}
iter_00534{1.93s}
iter_00535{1.92s}
iter_00536{1.92s}
iter_00537{1.92s}
iter_00538{1.91s}
iter_00539{1.90s}
iter_00540{1.92s}
iter_00541{1.85s}
iter_00542{1.90s}
iter_00543{1.91s}
iter_00544{1.90s}
iter_00545{1.89s}
iter_00546{1.90s}
iter_00547{1.92s}
iter_00548{1.89s}
iter_00549/avg_rew 0.0563
iter_00549/max_rew 1.0000
iter_00549/min_rew -3.0000
iter_00549/count 4500
iter_00549/loss -0.1370
iter_00549/val/avg_rew 0.0058
iter_00549/val/max_rew 1.0000
iter_00549/val/min_rew -1.5000
iter_00549/val/count 200
iter_00549/val{1.30s}
iter_00549{3.19s}
iter_00550{1.89s}
iter_00551{1.92s}
iter_00552{1.92s}
iter_00553{1.91s}
iter_00554{1.91s}
iter_00555{1.89s}
iter_00556{1.91s}
iter_00557{1.89s}
iter_00558{1.89s}
iter_00559{1.91s}
iter_00560{1.92s}
iter_00561{1.88s}
iter_00562{1.89s}
iter_00563{1.88s}
iter_00564{1.91s}
iter_00565{1.88s}
iter_00566{1.91s}
iter_00567{1.92s}
iter_00568{1.91s}
iter_00569{1.92s}
iter_00570{1.87s}
iter_00571{1.92s}
iter_00572{1.89s}
iter_00573{1.89s}
iter_00574/avg_rew 0.0540
iter_00574/max_rew 1.0000
iter_00574/min_rew -4.5000
iter_00574/count 4500
iter_00574/loss -0.1479
iter_00574/val/avg_rew 0.0179
iter_00574/val/max_rew 1.0000
iter_00574/val/min_rew -2.0000
iter_00574/val/count 200
iter_00574/val{1.28s}
iter_00574{3.18s}
iter_00575{1.90s}
iter_00576{1.88s}
iter_00577{1.91s}
iter_00578{1.91s}
iter_00579{1.88s}
iter_00580{1.89s}
iter_00581{1.88s}
iter_00582{1.90s}
iter_00583{1.90s}
iter_00584{1.89s}
iter_00585{1.91s}
iter_00586{1.88s}
iter_00587{1.89s}
iter_00588{1.91s}
iter_00589{1.90s}
iter_00590{1.92s}
iter_00591{1.91s}
iter_00592{1.93s}
iter_00593{1.92s}
iter_00594{1.90s}
iter_00595{1.95s}
iter_00596{1.90s}
iter_00597{1.90s}
iter_00598{1.90s}
iter_00599/avg_rew 0.0588
iter_00599/max_rew 1.0000
iter_00599/min_rew -3.0000
iter_00599/count 4500
iter_00599/loss -0.1288
iter_00599/val/avg_rew -0.0129
iter_00599/val/max_rew 1.0000
iter_00599/val/min_rew -3.0000
iter_00599/val/count 200
iter_00599/val{1.30s}
iter_00599{3.20s}
iter_00600{1.90s}
iter_00601{1.91s}
iter_00602{1.88s}
iter_00603{1.89s}
iter_00604{1.91s}
iter_00605{1.88s}
iter_00606{1.89s}
iter_00607{1.90s}
iter_00608{1.93s}
iter_00609{1.92s}
iter_00610{1.91s}
iter_00611{1.93s}
iter_00612{1.89s}
iter_00613{1.90s}
iter_00614{1.92s}
iter_00615{1.92s}
iter_00616{1.91s}
iter_00617{1.89s}
iter_00618{1.92s}
iter_00619{1.90s}
iter_00620{1.89s}
iter_00621{1.89s}
iter_00622{1.89s}
iter_00623{1.91s}
iter_00624/avg_rew 0.0532
iter_00624/max_rew 1.0000
iter_00624/min_rew -5.0000
iter_00624/count 4500
iter_00624/loss -0.1424
iter_00624/val/avg_rew 0.0187
iter_00624/val/max_rew 1.0000
iter_00624/val/min_rew -1.0000
iter_00624/val/count 200
iter_00624/val{1.28s}
iter_00624{3.15s}
iter_00625{1.89s}
iter_00626{1.88s}
iter_00627{1.91s}
iter_00628{1.90s}
iter_00629{1.89s}
iter_00630{1.89s}
iter_00631{1.90s}
iter_00632{1.89s}
iter_00633{1.89s}
iter_00634{1.90s}
iter_00635{1.89s}
iter_00636{1.90s}
iter_00637{1.89s}
iter_00638{1.89s}
iter_00639{1.89s}
iter_00640{1.92s}
iter_00641{1.88s}
iter_00642{1.89s}
iter_00643{1.89s}
iter_00644{1.87s}
iter_00645{1.90s}
iter_00646{1.89s}
iter_00647{1.90s}
iter_00648{1.89s}
iter_00649/avg_rew 0.0615
iter_00649/max_rew 1.0000
iter_00649/min_rew -2.5000
iter_00649/count 4500
iter_00649/loss -0.1340
iter_00649/val/avg_rew -0.0221
iter_00649/val/max_rew 1.0000
iter_00649/val/min_rew -3.0000
iter_00649/val/count 200
iter_00649/val{1.29s}
iter_00649{3.17s}
iter_00650{1.90s}
iter_00651{1.90s}
iter_00652{1.89s}
iter_00653{1.90s}
iter_00654{1.89s}
iter_00655{1.90s}
iter_00656{1.91s}
iter_00657{1.89s}
iter_00658{1.92s}
iter_00659{1.91s}
iter_00660{1.90s}
iter_00661{1.90s}
iter_00662{1.90s}
iter_00663{1.90s}
iter_00664{1.90s}
iter_00665{1.90s}
iter_00666{1.89s}
iter_00667{1.90s}
iter_00668{1.88s}
iter_00669{1.90s}
iter_00670{1.90s}
iter_00671{1.89s}
iter_00672{1.90s}
iter_00673{1.91s}
iter_00674/avg_rew 0.0489
iter_00674/max_rew 1.0000
iter_00674/min_rew -3.5000
iter_00674/count 4500
iter_00674/loss -0.1510
iter_00674/val/avg_rew -0.0133
iter_00674/val/max_rew 1.0000
iter_00674/val/min_rew -3.0000
iter_00674/val/count 200
iter_00674/val{1.28s}
iter_00674{3.19s}
iter_00675{1.90s}
iter_00676{1.90s}
iter_00677{1.91s}
iter_00678{1.90s}
iter_00679{1.89s}
iter_00680{1.91s}
iter_00681{1.90s}
iter_00682{1.90s}
iter_00683{1.90s}
iter_00684{1.90s}
iter_00685{1.92s}
iter_00686{1.89s}
iter_00687{1.90s}
iter_00688{1.92s}
iter_00689{1.88s}
iter_00690{1.90s}
iter_00691{1.89s}
iter_00692{1.90s}
iter_00693{1.89s}
iter_00694{1.89s}
iter_00695{1.89s}
iter_00696{1.87s}
iter_00697{1.91s}
iter_00698{1.89s}
iter_00699/avg_rew 0.0480
iter_00699/max_rew 1.0000
iter_00699/min_rew -5.0000
iter_00699/count 4500
iter_00699/loss -0.1247
iter_00699/val/avg_rew -0.0037
iter_00699/val/max_rew 1.0000
iter_00699/val/min_rew -2.5000
iter_00699/val/count 200
iter_00699/val{1.29s}
iter_00699{3.16s}
iter_00700{1.87s}
iter_00701{1.90s}
iter_00702{1.91s}
iter_00703{1.91s}
iter_00704{1.89s}
iter_00705{1.88s}
iter_00706{1.89s}
iter_00707{1.90s}
iter_00708{1.88s}
iter_00709{1.90s}
iter_00710{1.91s}
iter_00711{1.90s}
iter_00712{1.93s}
iter_00713{1.90s}
iter_00714{1.90s}
iter_00715{1.89s}
iter_00716{1.89s}
iter_00717{1.90s}
iter_00718{1.89s}
iter_00719{1.89s}
iter_00720{1.87s}
iter_00721{1.89s}
iter_00722{1.89s}
iter_00723{1.91s}
iter_00724/avg_rew 0.0533
iter_00724/max_rew 1.0000
iter_00724/min_rew -3.5000
iter_00724/count 4500
iter_00724/loss -0.1552
iter_00724/val/avg_rew 0.0469
iter_00724/val/max_rew 1.0000
iter_00724/val/min_rew -2.5000
iter_00724/val/count 200
iter_00724/val{1.27s}
iter_00724{3.19s}
iter_00725{1.91s}
iter_00726{1.89s}
iter_00727{1.90s}
iter_00728{1.91s}
iter_00729{1.88s}
iter_00730{1.90s}
iter_00731{1.89s}
iter_00732{1.90s}
iter_00733{1.90s}
iter_00734{1.88s}
iter_00735{1.90s}
iter_00736{1.90s}
iter_00737{1.90s}
iter_00738{1.90s}
iter_00739{1.90s}
iter_00740{1.90s}
iter_00741{1.88s}
iter_00742{1.91s}
iter_00743{1.91s}
iter_00744{1.90s}
iter_00745{1.89s}
iter_00746{1.90s}
iter_00747{1.91s}
iter_00748{1.92s}
iter_00749/avg_rew 0.0490
iter_00749/max_rew 1.0000
iter_00749/min_rew -4.0000
iter_00749/count 4500
iter_00749/loss -0.1430
iter_00749/val/avg_rew 0.0144
iter_00749/val/max_rew 1.0000
iter_00749/val/min_rew -4.0000
iter_00749/val/count 200
iter_00749/val{1.30s}
iter_00749{3.20s}
iter_00750{1.90s}
iter_00751{1.90s}
iter_00752{1.89s}
iter_00753{1.90s}
iter_00754{1.92s}
iter_00755{1.96s}
iter_00756{1.92s}
iter_00757{1.93s}
iter_00758{1.94s}
iter_00759{1.91s}
iter_00760{1.91s}
iter_00761{1.92s}
iter_00762{1.92s}
iter_00763{1.88s}
iter_00764{1.92s}
